

[INFO ] 2018-01-24 00:05:52,721 method:org.springframework.test.context.support.AbstractTestContextBootstrapper.getDefaultTestExecutionListenerClassNames(AbstractTestContextBootstrapper.java:257)
Loaded default TestExecutionListener class names from location [META-INF/spring.factories]: [org.springframework.test.context.web.ServletTestExecutionListener, org.springframework.test.context.support.DirtiesContextBeforeModesTestExecutionListener, org.springframework.test.context.support.DependencyInjectionTestExecutionListener, org.springframework.test.context.support.DirtiesContextTestExecutionListener, org.springframework.test.context.transaction.TransactionalTestExecutionListener, org.springframework.test.context.jdbc.SqlScriptsTestExecutionListener]


[INFO ] 2018-01-24 00:05:52,749 method:org.springframework.test.context.support.AbstractTestContextBootstrapper.getTestExecutionListeners(AbstractTestContextBootstrapper.java:184)
Using TestExecutionListeners: [org.springframework.test.context.web.ServletTestExecutionListener@1f554b06, org.springframework.test.context.support.DirtiesContextBeforeModesTestExecutionListener@694e1548, org.springframework.test.context.support.DependencyInjectionTestExecutionListener@1c3a4799, org.springframework.test.context.support.DirtiesContextTestExecutionListener@131276c2, org.springframework.test.context.transaction.TransactionalTestExecutionListener@26aa12dd, org.springframework.test.context.jdbc.SqlScriptsTestExecutionListener@3fd7a715]


[INFO ] 2018-01-24 00:05:52,922 method:org.springframework.context.support.AbstractApplicationContext.prepareRefresh(AbstractApplicationContext.java:589)
Refreshing org.springframework.context.support.GenericApplicationContext@29b5cd00: startup date [Wed Jan 24 00:05:52 CST 2018]; root of context hierarchy


[WARN ] 2018-01-24 00:05:53,697 method:org.springframework.context.support.AbstractApplicationContext.refresh(AbstractApplicationContext.java:557)
Exception encountered during context initialization - cancelling refresh attempt: org.springframework.beans.factory.BeanCreationException: Error creating bean with name 'jedisConnectionFactory' defined in cn.cat.springmvc.demo.config1.AppConfig: Invocation of init method failed; nested exception is java.lang.NullPointerException


[ERROR] 2018-01-24 00:05:53,697 method:org.springframework.test.context.TestContextManager.prepareTestInstance(TestContextManager.java:246)
Caught exception while allowing TestExecutionListener [org.springframework.test.context.support.DependencyInjectionTestExecutionListener@1c3a4799] to prepare test instance [RedisTest@343570b7]
java.lang.IllegalStateException: Failed to load ApplicationContext
	at org.springframework.test.context.cache.DefaultCacheAwareContextLoaderDelegate.loadContext(DefaultCacheAwareContextLoaderDelegate.java:125)
	at org.springframework.test.context.support.DefaultTestContext.getApplicationContext(DefaultTestContext.java:107)
	at org.springframework.test.context.support.DependencyInjectionTestExecutionListener.injectDependencies(DependencyInjectionTestExecutionListener.java:117)
	at org.springframework.test.context.support.DependencyInjectionTestExecutionListener.prepareTestInstance(DependencyInjectionTestExecutionListener.java:83)
	at org.springframework.test.context.TestContextManager.prepareTestInstance(TestContextManager.java:242)
	at org.springframework.test.context.junit4.SpringJUnit4ClassRunner.createTest(SpringJUnit4ClassRunner.java:227)
	at org.springframework.test.context.junit4.SpringJUnit4ClassRunner$1.runReflectiveCall(SpringJUnit4ClassRunner.java:289)
	at org.junit.internal.runners.model.ReflectiveCallable.run(ReflectiveCallable.java:12)
	at org.springframework.test.context.junit4.SpringJUnit4ClassRunner.methodBlock(SpringJUnit4ClassRunner.java:291)
	at org.springframework.test.context.junit4.SpringJUnit4ClassRunner.runChild(SpringJUnit4ClassRunner.java:246)
	at org.springframework.test.context.junit4.SpringJUnit4ClassRunner.runChild(SpringJUnit4ClassRunner.java:97)
	at org.junit.runners.ParentRunner$3.run(ParentRunner.java:290)
	at org.junit.runners.ParentRunner$1.schedule(ParentRunner.java:71)
	at org.junit.runners.ParentRunner.runChildren(ParentRunner.java:288)
	at org.junit.runners.ParentRunner.access$000(ParentRunner.java:58)
	at org.junit.runners.ParentRunner$2.evaluate(ParentRunner.java:268)
	at org.springframework.test.context.junit4.statements.RunBeforeTestClassCallbacks.evaluate(RunBeforeTestClassCallbacks.java:61)
	at org.springframework.test.context.junit4.statements.RunAfterTestClassCallbacks.evaluate(RunAfterTestClassCallbacks.java:70)
	at org.junit.runners.ParentRunner.run(ParentRunner.java:363)
	at org.springframework.test.context.junit4.SpringJUnit4ClassRunner.run(SpringJUnit4ClassRunner.java:190)
	at org.junit.runner.JUnitCore.run(JUnitCore.java:137)
	at com.intellij.junit4.JUnit4IdeaTestRunner.startRunnerWithArgs(JUnit4IdeaTestRunner.java:68)
	at com.intellij.rt.execution.junit.IdeaTestRunner$Repeater.startRunnerWithArgs(IdeaTestRunner.java:47)
	at com.intellij.rt.execution.junit.JUnitStarter.prepareStreamsAndStart(JUnitStarter.java:242)
	at com.intellij.rt.execution.junit.JUnitStarter.main(JUnitStarter.java:70)
Caused by: org.springframework.beans.factory.BeanCreationException: Error creating bean with name 'jedisConnectionFactory' defined in cn.cat.springmvc.demo.config1.AppConfig: Invocation of init method failed; nested exception is java.lang.NullPointerException
	at org.springframework.beans.factory.support.AbstractAutowireCapableBeanFactory.initializeBean(AbstractAutowireCapableBeanFactory.java:1710)
	at org.springframework.beans.factory.support.AbstractAutowireCapableBeanFactory.doCreateBean(AbstractAutowireCapableBeanFactory.java:583)
	at org.springframework.beans.factory.support.AbstractAutowireCapableBeanFactory.createBean(AbstractAutowireCapableBeanFactory.java:502)
	at org.springframework.beans.factory.support.AbstractBeanFactory.lambda$doGetBean$0(AbstractBeanFactory.java:312)
	at org.springframework.beans.factory.support.DefaultSingletonBeanRegistry.getSingleton(DefaultSingletonBeanRegistry.java:228)
	at org.springframework.beans.factory.support.AbstractBeanFactory.doGetBean(AbstractBeanFactory.java:310)
	at org.springframework.beans.factory.support.AbstractBeanFactory.getBean(AbstractBeanFactory.java:200)
	at org.springframework.beans.factory.support.DefaultListableBeanFactory.preInstantiateSingletons(DefaultListableBeanFactory.java:758)
	at org.springframework.context.support.AbstractApplicationContext.finishBeanFactoryInitialization(AbstractApplicationContext.java:868)
	at org.springframework.context.support.AbstractApplicationContext.refresh(AbstractApplicationContext.java:549)
	at org.springframework.test.context.support.AbstractGenericContextLoader.loadContext(AbstractGenericContextLoader.java:128)
	at org.springframework.test.context.support.AbstractGenericContextLoader.loadContext(AbstractGenericContextLoader.java:60)
	at org.springframework.test.context.support.AbstractDelegatingSmartContextLoader.delegateLoading(AbstractDelegatingSmartContextLoader.java:109)
	at org.springframework.test.context.support.AbstractDelegatingSmartContextLoader.loadContext(AbstractDelegatingSmartContextLoader.java:246)
	at org.springframework.test.context.cache.DefaultCacheAwareContextLoaderDelegate.loadContextInternal(DefaultCacheAwareContextLoaderDelegate.java:99)
	at org.springframework.test.context.cache.DefaultCacheAwareContextLoaderDelegate.loadContext(DefaultCacheAwareContextLoaderDelegate.java:117)
	... 24 more
Caused by: java.lang.NullPointerException
	at org.springframework.data.redis.connection.jedis.JedisConnectionFactory.createRedisSentinelPool(JedisConnectionFactory.java:372)
	at org.springframework.data.redis.connection.jedis.JedisConnectionFactory.createPool(JedisConnectionFactory.java:357)
	at org.springframework.data.redis.connection.jedis.JedisConnectionFactory.afterPropertiesSet(JedisConnectionFactory.java:346)
	at org.springframework.beans.factory.support.AbstractAutowireCapableBeanFactory.invokeInitMethods(AbstractAutowireCapableBeanFactory.java:1769)
	at org.springframework.beans.factory.support.AbstractAutowireCapableBeanFactory.initializeBean(AbstractAutowireCapableBeanFactory.java:1706)
	... 39 more


[INFO ] 2018-01-24 00:11:15,005 method:org.springframework.test.context.support.AbstractTestContextBootstrapper.getDefaultTestExecutionListenerClassNames(AbstractTestContextBootstrapper.java:257)
Loaded default TestExecutionListener class names from location [META-INF/spring.factories]: [org.springframework.test.context.web.ServletTestExecutionListener, org.springframework.test.context.support.DirtiesContextBeforeModesTestExecutionListener, org.springframework.test.context.support.DependencyInjectionTestExecutionListener, org.springframework.test.context.support.DirtiesContextTestExecutionListener, org.springframework.test.context.transaction.TransactionalTestExecutionListener, org.springframework.test.context.jdbc.SqlScriptsTestExecutionListener]


[INFO ] 2018-01-24 00:11:15,039 method:org.springframework.test.context.support.AbstractTestContextBootstrapper.getTestExecutionListeners(AbstractTestContextBootstrapper.java:184)
Using TestExecutionListeners: [org.springframework.test.context.web.ServletTestExecutionListener@1f554b06, org.springframework.test.context.support.DirtiesContextBeforeModesTestExecutionListener@694e1548, org.springframework.test.context.support.DependencyInjectionTestExecutionListener@1c3a4799, org.springframework.test.context.support.DirtiesContextTestExecutionListener@131276c2, org.springframework.test.context.transaction.TransactionalTestExecutionListener@26aa12dd, org.springframework.test.context.jdbc.SqlScriptsTestExecutionListener@3fd7a715]


[INFO ] 2018-01-24 00:11:15,211 method:org.springframework.context.support.AbstractApplicationContext.prepareRefresh(AbstractApplicationContext.java:589)
Refreshing org.springframework.context.support.GenericApplicationContext@29b5cd00: startup date [Wed Jan 24 00:11:15 CST 2018]; root of context hierarchy


[WARN ] 2018-01-24 00:11:15,987 method:org.springframework.context.support.AbstractApplicationContext.refresh(AbstractApplicationContext.java:557)
Exception encountered during context initialization - cancelling refresh attempt: org.springframework.beans.factory.BeanCreationException: Error creating bean with name 'jedisConnectionFactory' defined in cn.cat.springmvc.demo.config1.AppConfig: Invocation of init method failed; nested exception is java.lang.NullPointerException


[ERROR] 2018-01-24 00:11:15,991 method:org.springframework.test.context.TestContextManager.prepareTestInstance(TestContextManager.java:246)
Caught exception while allowing TestExecutionListener [org.springframework.test.context.support.DependencyInjectionTestExecutionListener@1c3a4799] to prepare test instance [RedisTest@343570b7]
java.lang.IllegalStateException: Failed to load ApplicationContext
	at org.springframework.test.context.cache.DefaultCacheAwareContextLoaderDelegate.loadContext(DefaultCacheAwareContextLoaderDelegate.java:125)
	at org.springframework.test.context.support.DefaultTestContext.getApplicationContext(DefaultTestContext.java:107)
	at org.springframework.test.context.support.DependencyInjectionTestExecutionListener.injectDependencies(DependencyInjectionTestExecutionListener.java:117)
	at org.springframework.test.context.support.DependencyInjectionTestExecutionListener.prepareTestInstance(DependencyInjectionTestExecutionListener.java:83)
	at org.springframework.test.context.TestContextManager.prepareTestInstance(TestContextManager.java:242)
	at org.springframework.test.context.junit4.SpringJUnit4ClassRunner.createTest(SpringJUnit4ClassRunner.java:227)
	at org.springframework.test.context.junit4.SpringJUnit4ClassRunner$1.runReflectiveCall(SpringJUnit4ClassRunner.java:289)
	at org.junit.internal.runners.model.ReflectiveCallable.run(ReflectiveCallable.java:12)
	at org.springframework.test.context.junit4.SpringJUnit4ClassRunner.methodBlock(SpringJUnit4ClassRunner.java:291)
	at org.springframework.test.context.junit4.SpringJUnit4ClassRunner.runChild(SpringJUnit4ClassRunner.java:246)
	at org.springframework.test.context.junit4.SpringJUnit4ClassRunner.runChild(SpringJUnit4ClassRunner.java:97)
	at org.junit.runners.ParentRunner$3.run(ParentRunner.java:290)
	at org.junit.runners.ParentRunner$1.schedule(ParentRunner.java:71)
	at org.junit.runners.ParentRunner.runChildren(ParentRunner.java:288)
	at org.junit.runners.ParentRunner.access$000(ParentRunner.java:58)
	at org.junit.runners.ParentRunner$2.evaluate(ParentRunner.java:268)
	at org.springframework.test.context.junit4.statements.RunBeforeTestClassCallbacks.evaluate(RunBeforeTestClassCallbacks.java:61)
	at org.springframework.test.context.junit4.statements.RunAfterTestClassCallbacks.evaluate(RunAfterTestClassCallbacks.java:70)
	at org.junit.runners.ParentRunner.run(ParentRunner.java:363)
	at org.springframework.test.context.junit4.SpringJUnit4ClassRunner.run(SpringJUnit4ClassRunner.java:190)
	at org.junit.runner.JUnitCore.run(JUnitCore.java:137)
	at com.intellij.junit4.JUnit4IdeaTestRunner.startRunnerWithArgs(JUnit4IdeaTestRunner.java:68)
	at com.intellij.rt.execution.junit.IdeaTestRunner$Repeater.startRunnerWithArgs(IdeaTestRunner.java:47)
	at com.intellij.rt.execution.junit.JUnitStarter.prepareStreamsAndStart(JUnitStarter.java:242)
	at com.intellij.rt.execution.junit.JUnitStarter.main(JUnitStarter.java:70)
Caused by: org.springframework.beans.factory.BeanCreationException: Error creating bean with name 'jedisConnectionFactory' defined in cn.cat.springmvc.demo.config1.AppConfig: Invocation of init method failed; nested exception is java.lang.NullPointerException
	at org.springframework.beans.factory.support.AbstractAutowireCapableBeanFactory.initializeBean(AbstractAutowireCapableBeanFactory.java:1710)
	at org.springframework.beans.factory.support.AbstractAutowireCapableBeanFactory.doCreateBean(AbstractAutowireCapableBeanFactory.java:583)
	at org.springframework.beans.factory.support.AbstractAutowireCapableBeanFactory.createBean(AbstractAutowireCapableBeanFactory.java:502)
	at org.springframework.beans.factory.support.AbstractBeanFactory.lambda$doGetBean$0(AbstractBeanFactory.java:312)
	at org.springframework.beans.factory.support.DefaultSingletonBeanRegistry.getSingleton(DefaultSingletonBeanRegistry.java:228)
	at org.springframework.beans.factory.support.AbstractBeanFactory.doGetBean(AbstractBeanFactory.java:310)
	at org.springframework.beans.factory.support.AbstractBeanFactory.getBean(AbstractBeanFactory.java:200)
	at org.springframework.beans.factory.support.DefaultListableBeanFactory.preInstantiateSingletons(DefaultListableBeanFactory.java:758)
	at org.springframework.context.support.AbstractApplicationContext.finishBeanFactoryInitialization(AbstractApplicationContext.java:868)
	at org.springframework.context.support.AbstractApplicationContext.refresh(AbstractApplicationContext.java:549)
	at org.springframework.test.context.support.AbstractGenericContextLoader.loadContext(AbstractGenericContextLoader.java:128)
	at org.springframework.test.context.support.AbstractGenericContextLoader.loadContext(AbstractGenericContextLoader.java:60)
	at org.springframework.test.context.support.AbstractDelegatingSmartContextLoader.delegateLoading(AbstractDelegatingSmartContextLoader.java:109)
	at org.springframework.test.context.support.AbstractDelegatingSmartContextLoader.loadContext(AbstractDelegatingSmartContextLoader.java:246)
	at org.springframework.test.context.cache.DefaultCacheAwareContextLoaderDelegate.loadContextInternal(DefaultCacheAwareContextLoaderDelegate.java:99)
	at org.springframework.test.context.cache.DefaultCacheAwareContextLoaderDelegate.loadContext(DefaultCacheAwareContextLoaderDelegate.java:117)
	... 24 more
Caused by: java.lang.NullPointerException
	at org.springframework.data.redis.connection.jedis.JedisConnectionFactory.createRedisSentinelPool(JedisConnectionFactory.java:372)
	at org.springframework.data.redis.connection.jedis.JedisConnectionFactory.createPool(JedisConnectionFactory.java:357)
	at org.springframework.data.redis.connection.jedis.JedisConnectionFactory.afterPropertiesSet(JedisConnectionFactory.java:346)
	at org.springframework.beans.factory.support.AbstractAutowireCapableBeanFactory.invokeInitMethods(AbstractAutowireCapableBeanFactory.java:1769)
	at org.springframework.beans.factory.support.AbstractAutowireCapableBeanFactory.initializeBean(AbstractAutowireCapableBeanFactory.java:1706)
	... 39 more


[INFO ] 2018-01-24 00:13:21,617 method:org.springframework.test.context.support.AbstractTestContextBootstrapper.getDefaultTestExecutionListenerClassNames(AbstractTestContextBootstrapper.java:257)
Loaded default TestExecutionListener class names from location [META-INF/spring.factories]: [org.springframework.test.context.web.ServletTestExecutionListener, org.springframework.test.context.support.DirtiesContextBeforeModesTestExecutionListener, org.springframework.test.context.support.DependencyInjectionTestExecutionListener, org.springframework.test.context.support.DirtiesContextTestExecutionListener, org.springframework.test.context.transaction.TransactionalTestExecutionListener, org.springframework.test.context.jdbc.SqlScriptsTestExecutionListener]


[INFO ] 2018-01-24 00:13:21,664 method:org.springframework.test.context.support.AbstractTestContextBootstrapper.getTestExecutionListeners(AbstractTestContextBootstrapper.java:184)
Using TestExecutionListeners: [org.springframework.test.context.web.ServletTestExecutionListener@1f554b06, org.springframework.test.context.support.DirtiesContextBeforeModesTestExecutionListener@694e1548, org.springframework.test.context.support.DependencyInjectionTestExecutionListener@1c3a4799, org.springframework.test.context.support.DirtiesContextTestExecutionListener@131276c2, org.springframework.test.context.transaction.TransactionalTestExecutionListener@26aa12dd, org.springframework.test.context.jdbc.SqlScriptsTestExecutionListener@3fd7a715]


[INFO ] 2018-01-24 00:13:21,838 method:org.springframework.context.support.AbstractApplicationContext.prepareRefresh(AbstractApplicationContext.java:589)
Refreshing org.springframework.context.support.GenericApplicationContext@29b5cd00: startup date [Wed Jan 24 00:13:21 CST 2018]; root of context hierarchy


[WARN ] 2018-01-24 00:13:24,550 method:org.springframework.context.support.AbstractApplicationContext.refresh(AbstractApplicationContext.java:557)
Exception encountered during context initialization - cancelling refresh attempt: org.springframework.beans.factory.BeanCreationException: Error creating bean with name 'jedisConnectionFactory' defined in cn.cat.springmvc.demo.config1.AppConfig: Invocation of init method failed; nested exception is redis.clients.jedis.exceptions.JedisConnectionException: All sentinels down, cannot determine where is mymaster master is running...


[ERROR] 2018-01-24 00:13:24,550 method:org.springframework.test.context.TestContextManager.prepareTestInstance(TestContextManager.java:246)
Caught exception while allowing TestExecutionListener [org.springframework.test.context.support.DependencyInjectionTestExecutionListener@1c3a4799] to prepare test instance [RedisTest@61d6015a]
java.lang.IllegalStateException: Failed to load ApplicationContext
	at org.springframework.test.context.cache.DefaultCacheAwareContextLoaderDelegate.loadContext(DefaultCacheAwareContextLoaderDelegate.java:125)
	at org.springframework.test.context.support.DefaultTestContext.getApplicationContext(DefaultTestContext.java:107)
	at org.springframework.test.context.support.DependencyInjectionTestExecutionListener.injectDependencies(DependencyInjectionTestExecutionListener.java:117)
	at org.springframework.test.context.support.DependencyInjectionTestExecutionListener.prepareTestInstance(DependencyInjectionTestExecutionListener.java:83)
	at org.springframework.test.context.TestContextManager.prepareTestInstance(TestContextManager.java:242)
	at org.springframework.test.context.junit4.SpringJUnit4ClassRunner.createTest(SpringJUnit4ClassRunner.java:227)
	at org.springframework.test.context.junit4.SpringJUnit4ClassRunner$1.runReflectiveCall(SpringJUnit4ClassRunner.java:289)
	at org.junit.internal.runners.model.ReflectiveCallable.run(ReflectiveCallable.java:12)
	at org.springframework.test.context.junit4.SpringJUnit4ClassRunner.methodBlock(SpringJUnit4ClassRunner.java:291)
	at org.springframework.test.context.junit4.SpringJUnit4ClassRunner.runChild(SpringJUnit4ClassRunner.java:246)
	at org.springframework.test.context.junit4.SpringJUnit4ClassRunner.runChild(SpringJUnit4ClassRunner.java:97)
	at org.junit.runners.ParentRunner$3.run(ParentRunner.java:290)
	at org.junit.runners.ParentRunner$1.schedule(ParentRunner.java:71)
	at org.junit.runners.ParentRunner.runChildren(ParentRunner.java:288)
	at org.junit.runners.ParentRunner.access$000(ParentRunner.java:58)
	at org.junit.runners.ParentRunner$2.evaluate(ParentRunner.java:268)
	at org.springframework.test.context.junit4.statements.RunBeforeTestClassCallbacks.evaluate(RunBeforeTestClassCallbacks.java:61)
	at org.springframework.test.context.junit4.statements.RunAfterTestClassCallbacks.evaluate(RunAfterTestClassCallbacks.java:70)
	at org.junit.runners.ParentRunner.run(ParentRunner.java:363)
	at org.springframework.test.context.junit4.SpringJUnit4ClassRunner.run(SpringJUnit4ClassRunner.java:190)
	at org.junit.runner.JUnitCore.run(JUnitCore.java:137)
	at com.intellij.junit4.JUnit4IdeaTestRunner.startRunnerWithArgs(JUnit4IdeaTestRunner.java:68)
	at com.intellij.rt.execution.junit.IdeaTestRunner$Repeater.startRunnerWithArgs(IdeaTestRunner.java:47)
	at com.intellij.rt.execution.junit.JUnitStarter.prepareStreamsAndStart(JUnitStarter.java:242)
	at com.intellij.rt.execution.junit.JUnitStarter.main(JUnitStarter.java:70)
Caused by: org.springframework.beans.factory.BeanCreationException: Error creating bean with name 'jedisConnectionFactory' defined in cn.cat.springmvc.demo.config1.AppConfig: Invocation of init method failed; nested exception is redis.clients.jedis.exceptions.JedisConnectionException: All sentinels down, cannot determine where is mymaster master is running...
	at org.springframework.beans.factory.support.AbstractAutowireCapableBeanFactory.initializeBean(AbstractAutowireCapableBeanFactory.java:1710)
	at org.springframework.beans.factory.support.AbstractAutowireCapableBeanFactory.doCreateBean(AbstractAutowireCapableBeanFactory.java:583)
	at org.springframework.beans.factory.support.AbstractAutowireCapableBeanFactory.createBean(AbstractAutowireCapableBeanFactory.java:502)
	at org.springframework.beans.factory.support.AbstractBeanFactory.lambda$doGetBean$0(AbstractBeanFactory.java:312)
	at org.springframework.beans.factory.support.DefaultSingletonBeanRegistry.getSingleton(DefaultSingletonBeanRegistry.java:228)
	at org.springframework.beans.factory.support.AbstractBeanFactory.doGetBean(AbstractBeanFactory.java:310)
	at org.springframework.beans.factory.support.AbstractBeanFactory.getBean(AbstractBeanFactory.java:200)
	at org.springframework.beans.factory.support.DefaultListableBeanFactory.preInstantiateSingletons(DefaultListableBeanFactory.java:758)
	at org.springframework.context.support.AbstractApplicationContext.finishBeanFactoryInitialization(AbstractApplicationContext.java:868)
	at org.springframework.context.support.AbstractApplicationContext.refresh(AbstractApplicationContext.java:549)
	at org.springframework.test.context.support.AbstractGenericContextLoader.loadContext(AbstractGenericContextLoader.java:128)
	at org.springframework.test.context.support.AbstractGenericContextLoader.loadContext(AbstractGenericContextLoader.java:60)
	at org.springframework.test.context.support.AbstractDelegatingSmartContextLoader.delegateLoading(AbstractDelegatingSmartContextLoader.java:109)
	at org.springframework.test.context.support.AbstractDelegatingSmartContextLoader.loadContext(AbstractDelegatingSmartContextLoader.java:246)
	at org.springframework.test.context.cache.DefaultCacheAwareContextLoaderDelegate.loadContextInternal(DefaultCacheAwareContextLoaderDelegate.java:99)
	at org.springframework.test.context.cache.DefaultCacheAwareContextLoaderDelegate.loadContext(DefaultCacheAwareContextLoaderDelegate.java:117)
	... 24 more
Caused by: redis.clients.jedis.exceptions.JedisConnectionException: All sentinels down, cannot determine where is mymaster master is running...
	at redis.clients.jedis.JedisSentinelPool.initSentinels(JedisSentinelPool.java:180)
	at redis.clients.jedis.JedisSentinelPool.<init>(JedisSentinelPool.java:95)
	at org.springframework.data.redis.connection.jedis.JedisConnectionFactory.createRedisSentinelPool(JedisConnectionFactory.java:373)
	at org.springframework.data.redis.connection.jedis.JedisConnectionFactory.createPool(JedisConnectionFactory.java:357)
	at org.springframework.data.redis.connection.jedis.JedisConnectionFactory.afterPropertiesSet(JedisConnectionFactory.java:346)
	at org.springframework.beans.factory.support.AbstractAutowireCapableBeanFactory.invokeInitMethods(AbstractAutowireCapableBeanFactory.java:1769)
	at org.springframework.beans.factory.support.AbstractAutowireCapableBeanFactory.initializeBean(AbstractAutowireCapableBeanFactory.java:1706)
	... 39 more


[INFO ] 2018-01-24 15:28:31,586 method:org.springframework.test.context.support.AbstractTestContextBootstrapper.getDefaultTestExecutionListenerClassNames(AbstractTestContextBootstrapper.java:257)
Loaded default TestExecutionListener class names from location [META-INF/spring.factories]: [org.springframework.test.context.web.ServletTestExecutionListener, org.springframework.test.context.support.DirtiesContextBeforeModesTestExecutionListener, org.springframework.test.context.support.DependencyInjectionTestExecutionListener, org.springframework.test.context.support.DirtiesContextTestExecutionListener, org.springframework.test.context.transaction.TransactionalTestExecutionListener, org.springframework.test.context.jdbc.SqlScriptsTestExecutionListener]


[INFO ] 2018-01-24 15:28:31,638 method:org.springframework.test.context.support.AbstractTestContextBootstrapper.getTestExecutionListeners(AbstractTestContextBootstrapper.java:184)
Using TestExecutionListeners: [org.springframework.test.context.web.ServletTestExecutionListener@1c3a4799, org.springframework.test.context.support.DirtiesContextBeforeModesTestExecutionListener@131276c2, org.springframework.test.context.support.DependencyInjectionTestExecutionListener@26aa12dd, org.springframework.test.context.support.DirtiesContextTestExecutionListener@3fd7a715, org.springframework.test.context.transaction.TransactionalTestExecutionListener@711f39f9, org.springframework.test.context.jdbc.SqlScriptsTestExecutionListener@71bbf57e]


[INFO ] 2018-01-24 15:28:31,940 method:org.springframework.context.support.AbstractApplicationContext.prepareRefresh(AbstractApplicationContext.java:589)
Refreshing org.springframework.context.support.GenericApplicationContext@7113b13f: startup date [Wed Jan 24 15:28:31 CST 2018]; root of context hierarchy


[WARN ] 2018-01-24 15:28:34,193 method:org.springframework.context.support.AbstractApplicationContext.refresh(AbstractApplicationContext.java:557)
Exception encountered during context initialization - cancelling refresh attempt: org.springframework.beans.factory.BeanCreationException: Error creating bean with name 'jedisConnectionFactory' defined in cn.cat.springmvc.demo.config1.AppConfig: Invocation of init method failed; nested exception is redis.clients.jedis.exceptions.JedisConnectionException: All sentinels down, cannot determine where is mymaster master is running...


[ERROR] 2018-01-24 15:28:34,196 method:org.springframework.test.context.TestContextManager.prepareTestInstance(TestContextManager.java:246)
Caught exception while allowing TestExecutionListener [org.springframework.test.context.support.DependencyInjectionTestExecutionListener@26aa12dd] to prepare test instance [RedisTest@7e9131d5]
java.lang.IllegalStateException: Failed to load ApplicationContext
	at org.springframework.test.context.cache.DefaultCacheAwareContextLoaderDelegate.loadContext(DefaultCacheAwareContextLoaderDelegate.java:125)
	at org.springframework.test.context.support.DefaultTestContext.getApplicationContext(DefaultTestContext.java:107)
	at org.springframework.test.context.support.DependencyInjectionTestExecutionListener.injectDependencies(DependencyInjectionTestExecutionListener.java:117)
	at org.springframework.test.context.support.DependencyInjectionTestExecutionListener.prepareTestInstance(DependencyInjectionTestExecutionListener.java:83)
	at org.springframework.test.context.TestContextManager.prepareTestInstance(TestContextManager.java:242)
	at org.springframework.test.context.junit4.SpringJUnit4ClassRunner.createTest(SpringJUnit4ClassRunner.java:227)
	at org.springframework.test.context.junit4.SpringJUnit4ClassRunner$1.runReflectiveCall(SpringJUnit4ClassRunner.java:289)
	at org.junit.internal.runners.model.ReflectiveCallable.run(ReflectiveCallable.java:12)
	at org.springframework.test.context.junit4.SpringJUnit4ClassRunner.methodBlock(SpringJUnit4ClassRunner.java:291)
	at org.springframework.test.context.junit4.SpringJUnit4ClassRunner.runChild(SpringJUnit4ClassRunner.java:246)
	at org.springframework.test.context.junit4.SpringJUnit4ClassRunner.runChild(SpringJUnit4ClassRunner.java:97)
	at org.junit.runners.ParentRunner$3.run(ParentRunner.java:290)
	at org.junit.runners.ParentRunner$1.schedule(ParentRunner.java:71)
	at org.junit.runners.ParentRunner.runChildren(ParentRunner.java:288)
	at org.junit.runners.ParentRunner.access$000(ParentRunner.java:58)
	at org.junit.runners.ParentRunner$2.evaluate(ParentRunner.java:268)
	at org.springframework.test.context.junit4.statements.RunBeforeTestClassCallbacks.evaluate(RunBeforeTestClassCallbacks.java:61)
	at org.springframework.test.context.junit4.statements.RunAfterTestClassCallbacks.evaluate(RunAfterTestClassCallbacks.java:70)
	at org.junit.runners.ParentRunner.run(ParentRunner.java:363)
	at org.springframework.test.context.junit4.SpringJUnit4ClassRunner.run(SpringJUnit4ClassRunner.java:190)
	at org.junit.runner.JUnitCore.run(JUnitCore.java:137)
	at com.intellij.junit4.JUnit4IdeaTestRunner.startRunnerWithArgs(JUnit4IdeaTestRunner.java:68)
	at com.intellij.rt.execution.junit.IdeaTestRunner$Repeater.startRunnerWithArgs(IdeaTestRunner.java:47)
	at com.intellij.rt.execution.junit.JUnitStarter.prepareStreamsAndStart(JUnitStarter.java:242)
	at com.intellij.rt.execution.junit.JUnitStarter.main(JUnitStarter.java:70)
Caused by: org.springframework.beans.factory.BeanCreationException: Error creating bean with name 'jedisConnectionFactory' defined in cn.cat.springmvc.demo.config1.AppConfig: Invocation of init method failed; nested exception is redis.clients.jedis.exceptions.JedisConnectionException: All sentinels down, cannot determine where is mymaster master is running...
	at org.springframework.beans.factory.support.AbstractAutowireCapableBeanFactory.initializeBean(AbstractAutowireCapableBeanFactory.java:1710)
	at org.springframework.beans.factory.support.AbstractAutowireCapableBeanFactory.doCreateBean(AbstractAutowireCapableBeanFactory.java:583)
	at org.springframework.beans.factory.support.AbstractAutowireCapableBeanFactory.createBean(AbstractAutowireCapableBeanFactory.java:502)
	at org.springframework.beans.factory.support.AbstractBeanFactory.lambda$doGetBean$0(AbstractBeanFactory.java:312)
	at org.springframework.beans.factory.support.DefaultSingletonBeanRegistry.getSingleton(DefaultSingletonBeanRegistry.java:228)
	at org.springframework.beans.factory.support.AbstractBeanFactory.doGetBean(AbstractBeanFactory.java:310)
	at org.springframework.beans.factory.support.AbstractBeanFactory.getBean(AbstractBeanFactory.java:200)
	at org.springframework.beans.factory.support.DefaultListableBeanFactory.preInstantiateSingletons(DefaultListableBeanFactory.java:758)
	at org.springframework.context.support.AbstractApplicationContext.finishBeanFactoryInitialization(AbstractApplicationContext.java:868)
	at org.springframework.context.support.AbstractApplicationContext.refresh(AbstractApplicationContext.java:549)
	at org.springframework.test.context.support.AbstractGenericContextLoader.loadContext(AbstractGenericContextLoader.java:128)
	at org.springframework.test.context.support.AbstractGenericContextLoader.loadContext(AbstractGenericContextLoader.java:60)
	at org.springframework.test.context.support.AbstractDelegatingSmartContextLoader.delegateLoading(AbstractDelegatingSmartContextLoader.java:109)
	at org.springframework.test.context.support.AbstractDelegatingSmartContextLoader.loadContext(AbstractDelegatingSmartContextLoader.java:246)
	at org.springframework.test.context.cache.DefaultCacheAwareContextLoaderDelegate.loadContextInternal(DefaultCacheAwareContextLoaderDelegate.java:99)
	at org.springframework.test.context.cache.DefaultCacheAwareContextLoaderDelegate.loadContext(DefaultCacheAwareContextLoaderDelegate.java:117)
	... 24 more
Caused by: redis.clients.jedis.exceptions.JedisConnectionException: All sentinels down, cannot determine where is mymaster master is running...
	at redis.clients.jedis.JedisSentinelPool.initSentinels(JedisSentinelPool.java:180)
	at redis.clients.jedis.JedisSentinelPool.<init>(JedisSentinelPool.java:95)
	at org.springframework.data.redis.connection.jedis.JedisConnectionFactory.createRedisSentinelPool(JedisConnectionFactory.java:373)
	at org.springframework.data.redis.connection.jedis.JedisConnectionFactory.createPool(JedisConnectionFactory.java:357)
	at org.springframework.data.redis.connection.jedis.JedisConnectionFactory.afterPropertiesSet(JedisConnectionFactory.java:346)
	at org.springframework.beans.factory.support.AbstractAutowireCapableBeanFactory.invokeInitMethods(AbstractAutowireCapableBeanFactory.java:1769)
	at org.springframework.beans.factory.support.AbstractAutowireCapableBeanFactory.initializeBean(AbstractAutowireCapableBeanFactory.java:1706)
	... 39 more


[INFO ] 2018-01-24 15:33:05,372 method:org.springframework.test.context.support.AbstractTestContextBootstrapper.getDefaultTestExecutionListenerClassNames(AbstractTestContextBootstrapper.java:257)
Loaded default TestExecutionListener class names from location [META-INF/spring.factories]: [org.springframework.test.context.web.ServletTestExecutionListener, org.springframework.test.context.support.DirtiesContextBeforeModesTestExecutionListener, org.springframework.test.context.support.DependencyInjectionTestExecutionListener, org.springframework.test.context.support.DirtiesContextTestExecutionListener, org.springframework.test.context.transaction.TransactionalTestExecutionListener, org.springframework.test.context.jdbc.SqlScriptsTestExecutionListener]


[INFO ] 2018-01-24 15:33:05,404 method:org.springframework.test.context.support.AbstractTestContextBootstrapper.getTestExecutionListeners(AbstractTestContextBootstrapper.java:184)
Using TestExecutionListeners: [org.springframework.test.context.web.ServletTestExecutionListener@1c3a4799, org.springframework.test.context.support.DirtiesContextBeforeModesTestExecutionListener@131276c2, org.springframework.test.context.support.DependencyInjectionTestExecutionListener@26aa12dd, org.springframework.test.context.support.DirtiesContextTestExecutionListener@3fd7a715, org.springframework.test.context.transaction.TransactionalTestExecutionListener@711f39f9, org.springframework.test.context.jdbc.SqlScriptsTestExecutionListener@71bbf57e]


[INFO ] 2018-01-24 15:33:05,567 method:org.springframework.context.support.AbstractApplicationContext.prepareRefresh(AbstractApplicationContext.java:589)
Refreshing org.springframework.context.support.GenericApplicationContext@7113b13f: startup date [Wed Jan 24 15:33:05 CST 2018]; root of context hierarchy


[INFO ] 2018-01-24 15:33:06,850 method:org.springframework.context.support.AbstractApplicationContext.doClose(AbstractApplicationContext.java:989)
Closing org.springframework.context.support.GenericApplicationContext@7113b13f: startup date [Wed Jan 24 15:33:05 CST 2018]; root of context hierarchy


[INFO ] 2018-01-29 21:52:44,780 method:org.springframework.test.context.support.AbstractTestContextBootstrapper.getDefaultTestExecutionListenerClassNames(AbstractTestContextBootstrapper.java:257)
Loaded default TestExecutionListener class names from location [META-INF/spring.factories]: [org.springframework.test.context.web.ServletTestExecutionListener, org.springframework.test.context.support.DirtiesContextBeforeModesTestExecutionListener, org.springframework.test.context.support.DependencyInjectionTestExecutionListener, org.springframework.test.context.support.DirtiesContextTestExecutionListener, org.springframework.test.context.transaction.TransactionalTestExecutionListener, org.springframework.test.context.jdbc.SqlScriptsTestExecutionListener]


[INFO ] 2018-01-29 21:52:44,979 method:org.springframework.test.context.support.AbstractTestContextBootstrapper.getTestExecutionListeners(AbstractTestContextBootstrapper.java:184)
Using TestExecutionListeners: [org.springframework.test.context.web.ServletTestExecutionListener@48503868, org.springframework.test.context.support.DirtiesContextBeforeModesTestExecutionListener@6895a785, org.springframework.test.context.support.DependencyInjectionTestExecutionListener@184f6be2, org.springframework.test.context.support.DirtiesContextTestExecutionListener@56aac163, org.springframework.test.context.transaction.TransactionalTestExecutionListener@1f7030a6, org.springframework.test.context.jdbc.SqlScriptsTestExecutionListener@5a1c0542]


[INFO ] 2018-01-29 21:52:45,570 method:org.springframework.context.support.AbstractApplicationContext.prepareRefresh(AbstractApplicationContext.java:589)
Refreshing org.springframework.context.support.GenericApplicationContext@44c8afef: startup date [Mon Jan 29 21:52:45 CST 2018]; root of context hierarchy


[INFO ] 2018-01-29 21:52:47,755 method:org.springframework.context.support.DefaultLifecycleProcessor$LifecycleGroup.start(DefaultLifecycleProcessor.java:353)
Starting beans in phase 2147483647


[INFO ] 2018-01-29 21:52:48,389 method:org.springframework.context.support.AbstractApplicationContext.doClose(AbstractApplicationContext.java:989)
Closing org.springframework.context.support.GenericApplicationContext@44c8afef: startup date [Mon Jan 29 21:52:45 CST 2018]; root of context hierarchy


[INFO ] 2018-01-29 21:52:48,391 method:org.springframework.context.support.DefaultLifecycleProcessor$LifecycleGroup.stop(DefaultLifecycleProcessor.java:368)
Stopping beans in phase 2147483647


[INFO ] 2018-01-29 21:55:18,107 method:org.springframework.test.context.support.AbstractTestContextBootstrapper.getDefaultTestExecutionListenerClassNames(AbstractTestContextBootstrapper.java:257)
Loaded default TestExecutionListener class names from location [META-INF/spring.factories]: [org.springframework.test.context.web.ServletTestExecutionListener, org.springframework.test.context.support.DirtiesContextBeforeModesTestExecutionListener, org.springframework.test.context.support.DependencyInjectionTestExecutionListener, org.springframework.test.context.support.DirtiesContextTestExecutionListener, org.springframework.test.context.transaction.TransactionalTestExecutionListener, org.springframework.test.context.jdbc.SqlScriptsTestExecutionListener]


[INFO ] 2018-01-29 21:55:18,146 method:org.springframework.test.context.support.AbstractTestContextBootstrapper.getTestExecutionListeners(AbstractTestContextBootstrapper.java:184)
Using TestExecutionListeners: [org.springframework.test.context.web.ServletTestExecutionListener@48503868, org.springframework.test.context.support.DirtiesContextBeforeModesTestExecutionListener@6895a785, org.springframework.test.context.support.DependencyInjectionTestExecutionListener@184f6be2, org.springframework.test.context.support.DirtiesContextTestExecutionListener@56aac163, org.springframework.test.context.transaction.TransactionalTestExecutionListener@1f7030a6, org.springframework.test.context.jdbc.SqlScriptsTestExecutionListener@5a1c0542]


[INFO ] 2018-01-29 21:55:18,454 method:org.springframework.context.support.AbstractApplicationContext.prepareRefresh(AbstractApplicationContext.java:589)
Refreshing org.springframework.context.support.GenericApplicationContext@44c8afef: startup date [Mon Jan 29 21:55:18 CST 2018]; root of context hierarchy


[INFO ] 2018-01-29 21:55:20,659 method:org.springframework.context.support.DefaultLifecycleProcessor$LifecycleGroup.start(DefaultLifecycleProcessor.java:353)
Starting beans in phase 2147483647


[INFO ] 2018-01-29 21:55:21,558 method:org.springframework.context.support.AbstractApplicationContext.doClose(AbstractApplicationContext.java:989)
Closing org.springframework.context.support.GenericApplicationContext@44c8afef: startup date [Mon Jan 29 21:55:18 CST 2018]; root of context hierarchy


[INFO ] 2018-01-29 21:55:21,567 method:org.springframework.context.support.DefaultLifecycleProcessor$LifecycleGroup.stop(DefaultLifecycleProcessor.java:368)
Stopping beans in phase 2147483647


[INFO ] 2018-01-29 21:57:17,099 method:org.springframework.test.context.support.AbstractTestContextBootstrapper.getDefaultTestExecutionListenerClassNames(AbstractTestContextBootstrapper.java:257)
Loaded default TestExecutionListener class names from location [META-INF/spring.factories]: [org.springframework.test.context.web.ServletTestExecutionListener, org.springframework.test.context.support.DirtiesContextBeforeModesTestExecutionListener, org.springframework.test.context.support.DependencyInjectionTestExecutionListener, org.springframework.test.context.support.DirtiesContextTestExecutionListener, org.springframework.test.context.transaction.TransactionalTestExecutionListener, org.springframework.test.context.jdbc.SqlScriptsTestExecutionListener]


[INFO ] 2018-01-29 21:57:17,180 method:org.springframework.test.context.support.AbstractTestContextBootstrapper.getTestExecutionListeners(AbstractTestContextBootstrapper.java:184)
Using TestExecutionListeners: [org.springframework.test.context.web.ServletTestExecutionListener@48503868, org.springframework.test.context.support.DirtiesContextBeforeModesTestExecutionListener@6895a785, org.springframework.test.context.support.DependencyInjectionTestExecutionListener@184f6be2, org.springframework.test.context.support.DirtiesContextTestExecutionListener@56aac163, org.springframework.test.context.transaction.TransactionalTestExecutionListener@1f7030a6, org.springframework.test.context.jdbc.SqlScriptsTestExecutionListener@5a1c0542]


[INFO ] 2018-01-29 21:57:17,495 method:org.springframework.context.support.AbstractApplicationContext.prepareRefresh(AbstractApplicationContext.java:589)
Refreshing org.springframework.context.support.GenericApplicationContext@44c8afef: startup date [Mon Jan 29 21:57:17 CST 2018]; root of context hierarchy


[INFO ] 2018-01-29 21:57:19,679 method:org.springframework.context.support.DefaultLifecycleProcessor$LifecycleGroup.start(DefaultLifecycleProcessor.java:353)
Starting beans in phase 2147483647


[ERROR] 2018-01-29 21:57:20,254 method:org.springframework.test.context.TestContextManager.prepareTestInstance(TestContextManager.java:246)
Caught exception while allowing TestExecutionListener [org.springframework.test.context.support.DependencyInjectionTestExecutionListener@184f6be2] to prepare test instance [JmsTest@7f284218]
org.springframework.beans.factory.UnsatisfiedDependencyException: Error creating bean with name 'JmsTest': Unsatisfied dependency expressed through field 'destination'; nested exception is org.springframework.beans.factory.NoUniqueBeanDefinitionException: No qualifying bean of type 'javax.jms.Destination' available: expected single matching bean but found 2: activeMQTopic,activeMQQueue
	at org.springframework.beans.factory.annotation.AutowiredAnnotationBeanPostProcessor$AutowiredFieldElement.inject(AutowiredAnnotationBeanPostProcessor.java:586)
	at org.springframework.beans.factory.annotation.InjectionMetadata.inject(InjectionMetadata.java:91)
	at org.springframework.beans.factory.annotation.AutowiredAnnotationBeanPostProcessor.postProcessPropertyValues(AutowiredAnnotationBeanPostProcessor.java:372)
	at org.springframework.beans.factory.support.AbstractAutowireCapableBeanFactory.populateBean(AbstractAutowireCapableBeanFactory.java:1344)
	at org.springframework.beans.factory.support.AbstractAutowireCapableBeanFactory.autowireBeanProperties(AbstractAutowireCapableBeanFactory.java:400)
	at org.springframework.test.context.support.DependencyInjectionTestExecutionListener.injectDependencies(DependencyInjectionTestExecutionListener.java:118)
	at org.springframework.test.context.support.DependencyInjectionTestExecutionListener.prepareTestInstance(DependencyInjectionTestExecutionListener.java:83)
	at org.springframework.test.context.TestContextManager.prepareTestInstance(TestContextManager.java:242)
	at org.springframework.test.context.junit4.SpringJUnit4ClassRunner.createTest(SpringJUnit4ClassRunner.java:227)
	at org.springframework.test.context.junit4.SpringJUnit4ClassRunner$1.runReflectiveCall(SpringJUnit4ClassRunner.java:289)
	at org.junit.internal.runners.model.ReflectiveCallable.run(ReflectiveCallable.java:12)
	at org.springframework.test.context.junit4.SpringJUnit4ClassRunner.methodBlock(SpringJUnit4ClassRunner.java:291)
	at org.springframework.test.context.junit4.SpringJUnit4ClassRunner.runChild(SpringJUnit4ClassRunner.java:246)
	at org.springframework.test.context.junit4.SpringJUnit4ClassRunner.runChild(SpringJUnit4ClassRunner.java:97)
	at org.junit.runners.ParentRunner$3.run(ParentRunner.java:290)
	at org.junit.runners.ParentRunner$1.schedule(ParentRunner.java:71)
	at org.junit.runners.ParentRunner.runChildren(ParentRunner.java:288)
	at org.junit.runners.ParentRunner.access$000(ParentRunner.java:58)
	at org.junit.runners.ParentRunner$2.evaluate(ParentRunner.java:268)
	at org.springframework.test.context.junit4.statements.RunBeforeTestClassCallbacks.evaluate(RunBeforeTestClassCallbacks.java:61)
	at org.springframework.test.context.junit4.statements.RunAfterTestClassCallbacks.evaluate(RunAfterTestClassCallbacks.java:70)
	at org.junit.runners.ParentRunner.run(ParentRunner.java:363)
	at org.springframework.test.context.junit4.SpringJUnit4ClassRunner.run(SpringJUnit4ClassRunner.java:190)
	at org.junit.runner.JUnitCore.run(JUnitCore.java:137)
	at com.intellij.junit4.JUnit4IdeaTestRunner.startRunnerWithArgs(JUnit4IdeaTestRunner.java:68)
	at com.intellij.rt.execution.junit.IdeaTestRunner$Repeater.startRunnerWithArgs(IdeaTestRunner.java:47)
	at com.intellij.rt.execution.junit.JUnitStarter.prepareStreamsAndStart(JUnitStarter.java:242)
	at com.intellij.rt.execution.junit.JUnitStarter.main(JUnitStarter.java:70)
Caused by: org.springframework.beans.factory.NoUniqueBeanDefinitionException: No qualifying bean of type 'javax.jms.Destination' available: expected single matching bean but found 2: activeMQTopic,activeMQQueue
	at org.springframework.beans.factory.config.DependencyDescriptor.resolveNotUnique(DependencyDescriptor.java:215)
	at org.springframework.beans.factory.support.DefaultListableBeanFactory.doResolveDependency(DefaultListableBeanFactory.java:1113)
	at org.springframework.beans.factory.support.DefaultListableBeanFactory.resolveDependency(DefaultListableBeanFactory.java:1062)
	at org.springframework.beans.factory.annotation.AutowiredAnnotationBeanPostProcessor$AutowiredFieldElement.inject(AutowiredAnnotationBeanPostProcessor.java:583)
	... 27 more


[INFO ] 2018-01-29 21:57:20,277 method:org.springframework.context.support.AbstractApplicationContext.doClose(AbstractApplicationContext.java:989)
Closing org.springframework.context.support.GenericApplicationContext@44c8afef: startup date [Mon Jan 29 21:57:17 CST 2018]; root of context hierarchy


[INFO ] 2018-01-29 21:57:20,278 method:org.springframework.context.support.DefaultLifecycleProcessor$LifecycleGroup.stop(DefaultLifecycleProcessor.java:368)
Stopping beans in phase 2147483647


[WARN ] 2018-01-29 21:57:20,280 method:org.springframework.jms.listener.DefaultMessageListenerContainer.handleListenerSetupFailure(DefaultMessageListenerContainer.java:884)
Setup of JMS message listener invoker failed for destination 'testQueue' - trying to recover. Cause: Failed to look up Destinaton bean with name 'testQueue'; nested exception is org.springframework.beans.factory.NoSuchBeanDefinitionException: No bean named 'testQueue' available


[WARN ] 2018-01-29 21:57:20,280 method:org.springframework.jms.listener.DefaultMessageListenerContainer.handleListenerSetupFailure(DefaultMessageListenerContainer.java:884)
Setup of JMS message listener invoker failed for destination 'testTopic' - trying to recover. Cause: Failed to look up Destinaton bean with name 'testTopic'; nested exception is org.springframework.beans.factory.NoSuchBeanDefinitionException: No bean named 'testTopic' available


[INFO ] 2018-01-29 21:59:41,104 method:org.springframework.test.context.support.AbstractTestContextBootstrapper.getDefaultTestExecutionListenerClassNames(AbstractTestContextBootstrapper.java:257)
Loaded default TestExecutionListener class names from location [META-INF/spring.factories]: [org.springframework.test.context.web.ServletTestExecutionListener, org.springframework.test.context.support.DirtiesContextBeforeModesTestExecutionListener, org.springframework.test.context.support.DependencyInjectionTestExecutionListener, org.springframework.test.context.support.DirtiesContextTestExecutionListener, org.springframework.test.context.transaction.TransactionalTestExecutionListener, org.springframework.test.context.jdbc.SqlScriptsTestExecutionListener]


[INFO ] 2018-01-29 21:59:41,140 method:org.springframework.test.context.support.AbstractTestContextBootstrapper.getTestExecutionListeners(AbstractTestContextBootstrapper.java:184)
Using TestExecutionListeners: [org.springframework.test.context.web.ServletTestExecutionListener@10bbd20a, org.springframework.test.context.support.DirtiesContextBeforeModesTestExecutionListener@48503868, org.springframework.test.context.support.DependencyInjectionTestExecutionListener@6895a785, org.springframework.test.context.support.DirtiesContextTestExecutionListener@184f6be2, org.springframework.test.context.transaction.TransactionalTestExecutionListener@56aac163, org.springframework.test.context.jdbc.SqlScriptsTestExecutionListener@1f7030a6]


[INFO ] 2018-01-29 21:59:41,345 method:org.springframework.context.support.AbstractApplicationContext.prepareRefresh(AbstractApplicationContext.java:589)
Refreshing org.springframework.context.support.GenericApplicationContext@4923ab24: startup date [Mon Jan 29 21:59:41 CST 2018]; root of context hierarchy


[INFO ] 2018-01-29 21:59:43,240 method:org.springframework.context.support.DefaultLifecycleProcessor$LifecycleGroup.start(DefaultLifecycleProcessor.java:353)
Starting beans in phase 2147483647


[INFO ] 2018-01-29 21:59:44,146 method:org.springframework.context.support.AbstractApplicationContext.doClose(AbstractApplicationContext.java:989)
Closing org.springframework.context.support.GenericApplicationContext@4923ab24: startup date [Mon Jan 29 21:59:41 CST 2018]; root of context hierarchy


[INFO ] 2018-01-29 21:59:44,150 method:org.springframework.context.support.DefaultLifecycleProcessor$LifecycleGroup.stop(DefaultLifecycleProcessor.java:368)
Stopping beans in phase 2147483647


[INFO ] 2018-02-04 19:38:03,165 method:org.springframework.context.support.AbstractApplicationContext.prepareRefresh(AbstractApplicationContext.java:589)
Refreshing org.springframework.context.annotation.AnnotationConfigApplicationContext@2eee9593: startup date [Sun Feb 04 19:38:03 CST 2018]; root of context hierarchy


[INFO ] 2018-02-04 19:38:03,442 method:org.springframework.beans.factory.annotation.AutowiredAnnotationBeanPostProcessor.<init>(AutowiredAnnotationBeanPostProcessor.java:154)
JSR-330 'javax.inject.Inject' annotation found and supported for autowiring


[INFO ] 2018-02-04 19:42:10,757 method:org.springframework.context.support.AbstractApplicationContext.prepareRefresh(AbstractApplicationContext.java:589)
Refreshing org.springframework.context.annotation.AnnotationConfigApplicationContext@35a50a4c: startup date [Sun Feb 04 19:42:10 CST 2018]; root of context hierarchy


[INFO ] 2018-02-04 19:42:11,195 method:org.springframework.beans.factory.annotation.AutowiredAnnotationBeanPostProcessor.<init>(AutowiredAnnotationBeanPostProcessor.java:154)
JSR-330 'javax.inject.Inject' annotation found and supported for autowiring


[INFO ] 2018-02-04 19:51:38,886 method:org.springframework.context.support.AbstractApplicationContext.prepareRefresh(AbstractApplicationContext.java:589)
Refreshing org.springframework.context.annotation.AnnotationConfigApplicationContext@35a50a4c: startup date [Sun Feb 04 19:51:38 CST 2018]; root of context hierarchy


[INFO ] 2018-02-04 19:52:17,536 method:org.springframework.beans.factory.annotation.AutowiredAnnotationBeanPostProcessor.<init>(AutowiredAnnotationBeanPostProcessor.java:154)
JSR-330 'javax.inject.Inject' annotation found and supported for autowiring


[INFO ] 2018-02-04 20:15:03,127 method:org.springframework.context.support.AbstractApplicationContext.prepareRefresh(AbstractApplicationContext.java:589)
Refreshing org.springframework.context.annotation.AnnotationConfigApplicationContext@35a50a4c: startup date [Sun Feb 04 20:15:03 CST 2018]; root of context hierarchy


[INFO ] 2018-02-04 20:15:03,570 method:org.springframework.beans.factory.annotation.AutowiredAnnotationBeanPostProcessor.<init>(AutowiredAnnotationBeanPostProcessor.java:154)
JSR-330 'javax.inject.Inject' annotation found and supported for autowiring


[INFO ] 2018-02-04 20:34:49,122 method:org.springframework.context.support.AbstractApplicationContext.prepareRefresh(AbstractApplicationContext.java:589)
Refreshing org.springframework.context.annotation.AnnotationConfigApplicationContext@725bef66: startup date [Sun Feb 04 20:34:49 CST 2018]; root of context hierarchy


[INFO ] 2018-02-04 20:34:49,307 method:org.springframework.beans.factory.annotation.AutowiredAnnotationBeanPostProcessor.<init>(AutowiredAnnotationBeanPostProcessor.java:154)
JSR-330 'javax.inject.Inject' annotation found and supported for autowiring


[INFO ] 2018-02-17 17:42:08,802 method:org.springframework.context.support.AbstractApplicationContext.prepareRefresh(AbstractApplicationContext.java:589)
Refreshing org.springframework.context.annotation.AnnotationConfigApplicationContext@725bef66: startup date [Sat Feb 17 17:42:08 CST 2018]; root of context hierarchy


[INFO ] 2018-02-17 17:42:09,010 method:org.springframework.beans.factory.annotation.AutowiredAnnotationBeanPostProcessor.<init>(AutowiredAnnotationBeanPostProcessor.java:154)
JSR-330 'javax.inject.Inject' annotation found and supported for autowiring


[INFO ] 2018-02-17 17:55:16,473 method:org.springframework.context.support.AbstractApplicationContext.prepareRefresh(AbstractApplicationContext.java:589)
Refreshing org.springframework.context.annotation.AnnotationConfigApplicationContext@1da51a35: startup date [Sat Feb 17 17:55:16 CST 2018]; root of context hierarchy


[INFO ] 2018-02-17 17:55:58,173 method:org.springframework.beans.factory.annotation.AutowiredAnnotationBeanPostProcessor.<init>(AutowiredAnnotationBeanPostProcessor.java:154)
JSR-330 'javax.inject.Inject' annotation found and supported for autowiring


[INFO ] 2018-02-17 18:03:42,558 method:org.springframework.context.support.AbstractApplicationContext.prepareRefresh(AbstractApplicationContext.java:589)
Refreshing org.springframework.context.annotation.AnnotationConfigApplicationContext@1da51a35: startup date [Sat Feb 17 18:03:42 CST 2018]; root of context hierarchy


[INFO ] 2018-02-17 18:03:42,704 method:org.springframework.beans.factory.annotation.AutowiredAnnotationBeanPostProcessor.<init>(AutowiredAnnotationBeanPostProcessor.java:154)
JSR-330 'javax.inject.Inject' annotation found and supported for autowiring
